# JRE version: 7.0_25-b17
# Java VM: Java HotSpot(TM) 64-Bit Server VM (23.25-b01 mixed mode windows-amd64 compressed oops)
Heap
 PSYoungGen      total 37888K, used 17180K [0x00000007d5b60000, 0x00000007d85a0000, 0x0000000800000000)
  eden space 32512K, 40% used [0x00000007d5b60000,0x00000007d6842ed8,0x00000007d7b20000)
  from space 5376K, 74% used [0x00000007d8060000,0x00000007d84444f0,0x00000007d85a0000)
  to   space 5376K, 0% used [0x00000007d7b20000,0x00000007d7b20000,0x00000007d8060000)
 ParOldGen       total 86656K, used 16K [0x0000000781200000, 0x00000007866a0000, 0x00000007d5b60000)
  object space 86656K, 0% used [0x0000000781200000,0x0000000781204000,0x00000007866a0000)
 PSPermGen       total 21248K, used 14655K [0x000000077c000000, 0x000000077d4c0000, 0x0000000781200000)
  object space 21248K, 68% used [0x000000077c000000,0x000000077ce4fe10,0x000000077d4c0000)
GC Heap History (4 events):
Event: 18.185 GC heap before
{Heap before GC invocations=1 (full 0):
 PSYoungGen      total 37888K, used 32512K [0x00000007d5b60000, 0x00000007d85a0000, 0x0000000800000000)
  eden space 32512K, 100% used [0x00000007d5b60000,0x00000007d7b20000,0x00000007d7b20000)
  from space 5376K, 0% used [0x00000007d8060000,0x00000007d8060000,0x00000007d85a0000)
  to   space 5376K, 0% used [0x00000007d7b20000,0x00000007d7b20000,0x00000007d8060000)
 ParOldGen       total 86656K, used 0K [0x0000000781200000, 0x00000007866a0000, 0x00000007d5b60000)
  object space 86656K, 0% used [0x0000000781200000,0x0000000781200000,0x00000007866a0000)
 PSPermGen       total 21248K, used 13090K [0x000000077c000000, 0x000000077d4c0000, 0x0000000781200000)
  object space 21248K, 61% used [0x000000077c000000,0x000000077ccc8b88,0x000000077d4c0000)
Event: 18.188 GC heap after
Heap after GC invocations=1 (full 0):
 PSYoungGen      total 37888K, used 4160K [0x00000007d5b60000, 0x00000007d85a0000, 0x0000000800000000)
  eden space 32512K, 0% used [0x00000007d5b60000,0x00000007d5b60000,0x00000007d7b20000)
  from space 5376K, 77% used [0x00000007d7b20000,0x00000007d7f30098,0x00000007d8060000)
  to   space 5376K, 0% used [0x00000007d8060000,0x00000007d8060000,0x00000007d85a0000)
 ParOldGen       total 86656K, used 8K [0x0000000781200000, 0x00000007866a0000, 0x00000007d5b60000)
  object space 86656K, 0% used [0x0000000781200000,0x0000000781202000,0x00000007866a0000)
 PSPermGen       total 21248K, used 13090K [0x000000077c000000, 0x000000077d4c0000, 0x0000000781200000)
  object space 21248K, 61% used [0x000000077c000000,0x000000077ccc8b88,0x000000077d4c0000)
}
Event: 27.428 GC heap before
{Heap before GC invocations=2 (full 0):
 PSYoungGen      total 37888K, used 36672K [0x00000007d5b60000, 0x00000007d85a0000, 0x0000000800000000)
  eden space 32512K, 100% used [0x00000007d5b60000,0x00000007d7b20000,0x00000007d7b20000)
  from space 5376K, 77% used [0x00000007d7b20000,0x00000007d7f30098,0x00000007d8060000)
  to   space 5376K, 0% used [0x00000007d8060000,0x00000007d8060000,0x00000007d85a0000)
 ParOldGen       total 86656K, used 8K [0x0000000781200000, 0x00000007866a0000, 0x00000007d5b60000)
  object space 86656K, 0% used [0x0000000781200000,0x0000000781202000,0x00000007866a0000)
 PSPermGen       total 21248K, used 14615K [0x000000077c000000, 0x000000077d4c0000, 0x0000000781200000)
  object space 21248K, 68% used [0x000000077c000000,0x000000077ce45f70,0x000000077d4c0000)
Event: 27.430 GC heap after
Heap after GC invocations=2 (full 0):
 PSYoungGen      total 37888K, used 3985K [0x00000007d5b60000, 0x00000007d85a0000, 0x0000000800000000)
  eden space 32512K, 0% used [0x00000007d5b60000,0x00000007d5b60000,0x00000007d7b20000)
  from space 5376K, 74% used [0x00000007d8060000,0x00000007d84444f0,0x00000007d85a0000)
  to   space 5376K, 0% used [0x00000007d7b20000,0x00000007d7b20000,0x00000007d8060000)
 ParOldGen       total 86656K, used 16K [0x0000000781200000, 0x00000007866a0000, 0x00000007d5b60000)
  object space 86656K, 0% used [0x0000000781200000,0x0000000781204000,0x00000007866a0000)
 PSPermGen       total 21248K, used 14615K [0x000000077c000000, 0x000000077d4c0000, 0x0000000781200000)
  object space 21248K, 68% used [0x000000077c000000,0x000000077ce45f70,0x000000077d4c0000)
}

