# JRE version: 7.0_25-b17
# Java VM: Java HotSpot(TM) 64-Bit Server VM (23.25-b01 mixed mode windows-amd64 compressed oops)
Heap
 PSYoungGen      total 21376K, used 1789K [0x00000007d5b60000, 0x00000007d7200000, 0x0000000800000000)
  eden space 20480K, 8% used [0x00000007d5b60000,0x00000007d5d07668,0x00000007d6f60000)
  from space 896K, 10% used [0x00000007d7120000,0x00000007d7138000,0x00000007d7200000)
  to   space 1344K, 0% used [0x00000007d6f60000,0x00000007d6f60000,0x00000007d70b0000)
 ParOldGen       total 86656K, used 1860K [0x0000000781200000, 0x00000007866a0000, 0x00000007d5b60000)
  object space 86656K, 2% used [0x0000000781200000,0x00000007813d13b8,0x00000007866a0000)
 PSPermGen       total 21248K, used 9667K [0x000000077c000000, 0x000000077d4c0000, 0x0000000781200000)
  object space 21248K, 45% used [0x000000077c000000,0x000000077c970f10,0x000000077d4c0000)
GC Heap History (10 events):
Event: 101.134 GC heap before
{Heap before GC invocations=22 (full 0):
 PSYoungGen      total 22592K, used 22592K [0x00000007d5b60000, 0x00000007d74d0000, 0x0000000800000000)
  eden space 22464K, 100% used [0x00000007d5b60000,0x00000007d7150000,0x00000007d7150000)
  from space 128K, 100% used [0x00000007d71c0000,0x00000007d71e0000,0x00000007d71e0000)
  to   space 1792K, 0% used [0x00000007d7310000,0x00000007d7310000,0x00000007d74d0000)
 ParOldGen       total 86656K, used 1772K [0x0000000781200000, 0x00000007866a0000, 0x00000007d5b60000)
  object space 86656K, 2% used [0x0000000781200000,0x00000007813bb3b8,0x00000007866a0000)
 PSPermGen       total 21248K, used 9661K [0x000000077c000000, 0x000000077d4c0000, 0x0000000781200000)
  object space 21248K, 45% used [0x000000077c000000,0x000000077c96f778,0x000000077d4c0000)
Event: 101.134 GC heap after
Heap after GC invocations=22 (full 0):
 PSYoungGen      total 23104K, used 96K [0x00000007d5b60000, 0x00000007d7420000, 0x0000000800000000)
  eden space 22016K, 0% used [0x00000007d5b60000,0x00000007d5b60000,0x00000007d70e0000)
  from space 1088K, 8% used [0x00000007d7310000,0x00000007d7328000,0x00000007d7420000)
  to   space 1664K, 0% used [0x00000007d70e0000,0x00000007d70e0000,0x00000007d7280000)
 ParOldGen       total 86656K, used 1788K [0x0000000781200000, 0x00000007866a0000, 0x00000007d5b60000)
  object space 86656K, 2% used [0x0000000781200000,0x00000007813bf3b8,0x00000007866a0000)
 PSPermGen       total 21248K, used 9661K [0x000000077c000000, 0x000000077d4c0000, 0x0000000781200000)
  object space 21248K, 45% used [0x000000077c000000,0x000000077c96f778,0x000000077d4c0000)
}
Event: 102.317 GC heap before
{Heap before GC invocations=23 (full 0):
 PSYoungGen      total 23104K, used 22112K [0x00000007d5b60000, 0x00000007d7420000, 0x0000000800000000)
  eden space 22016K, 100% used [0x00000007d5b60000,0x00000007d70e0000,0x00000007d70e0000)
  from space 1088K, 8% used [0x00000007d7310000,0x00000007d7328000,0x00000007d7420000)
  to   space 1664K, 0% used [0x00000007d70e0000,0x00000007d70e0000,0x00000007d7280000)
 ParOldGen       total 86656K, used 1788K [0x0000000781200000, 0x00000007866a0000, 0x00000007d5b60000)
  object space 86656K, 2% used [0x0000000781200000,0x00000007813bf3b8,0x00000007866a0000)
 PSPermGen       total 21248K, used 9662K [0x000000077c000000, 0x000000077d4c0000, 0x0000000781200000)
  object space 21248K, 45% used [0x000000077c000000,0x000000077c96faf8,0x000000077d4c0000)
Event: 102.317 GC heap after
Heap after GC invocations=23 (full 0):
 PSYoungGen      total 21760K, used 96K [0x00000007d5b60000, 0x00000007d73a0000, 0x0000000800000000)
  eden space 21632K, 0% used [0x00000007d5b60000,0x00000007d5b60000,0x00000007d7080000)
  from space 128K, 75% used [0x00000007d70e0000,0x00000007d70f8000,0x00000007d7100000)
  to   space 1600K, 0% used [0x00000007d7210000,0x00000007d7210000,0x00000007d73a0000)
 ParOldGen       total 86656K, used 1804K [0x0000000781200000, 0x00000007866a0000, 0x00000007d5b60000)
  object space 86656K, 2% used [0x0000000781200000,0x00000007813c33b8,0x00000007866a0000)
 PSPermGen       total 21248K, used 9662K [0x000000077c000000, 0x000000077d4c0000, 0x0000000781200000)
  object space 21248K, 45% used [0x000000077c000000,0x000000077c96faf8,0x000000077d4c0000)
}
Event: 103.469 GC heap before
{Heap before GC invocations=24 (full 0):
 PSYoungGen      total 21760K, used 21728K [0x00000007d5b60000, 0x00000007d73a0000, 0x0000000800000000)
  eden space 21632K, 100% used [0x00000007d5b60000,0x00000007d7080000,0x00000007d7080000)
  from space 128K, 75% used [0x00000007d70e0000,0x00000007d70f8000,0x00000007d7100000)
  to   space 1600K, 0% used [0x00000007d7210000,0x00000007d7210000,0x00000007d73a0000)
 ParOldGen       total 86656K, used 1804K [0x0000000781200000, 0x00000007866a0000, 0x00000007d5b60000)
  object space 86656K, 2% used [0x0000000781200000,0x00000007813c33b8,0x00000007866a0000)
 PSPermGen       total 21248K, used 9663K [0x000000077c000000, 0x000000077d4c0000, 0x0000000781200000)
  object space 21248K, 45% used [0x000000077c000000,0x000000077c96fd58,0x000000077d4c0000)
Event: 103.469 GC heap after
Heap after GC invocations=24 (full 0):
 PSYoungGen      total 22336K, used 96K [0x00000007d5b60000, 0x00000007d7320000, 0x0000000800000000)
  eden space 21248K, 0% used [0x00000007d5b60000,0x00000007d5b60000,0x00000007d7020000)
  from space 1088K, 8% used [0x00000007d7210000,0x00000007d7228000,0x00000007d7320000)
  to   space 1536K, 0% used [0x00000007d7020000,0x00000007d7020000,0x00000007d71a0000)
 ParOldGen       total 86656K, used 1820K [0x0000000781200000, 0x00000007866a0000, 0x00000007d5b60000)
  object space 86656K, 2% used [0x0000000781200000,0x00000007813c73b8,0x00000007866a0000)
 PSPermGen       total 21248K, used 9663K [0x000000077c000000, 0x000000077d4c0000, 0x0000000781200000)
  object space 21248K, 45% used [0x000000077c000000,0x000000077c96fd58,0x000000077d4c0000)
}
Event: 104.621 GC heap before
{Heap before GC invocations=25 (full 0):
 PSYoungGen      total 22336K, used 21344K [0x00000007d5b60000, 0x00000007d7320000, 0x0000000800000000)
  eden space 21248K, 100% used [0x00000007d5b60000,0x00000007d7020000,0x00000007d7020000)
  from space 1088K, 8% used [0x00000007d7210000,0x00000007d7228000,0x00000007d7320000)
  to   space 1536K, 0% used [0x00000007d7020000,0x00000007d7020000,0x00000007d71a0000)
 ParOldGen       total 86656K, used 1820K [0x0000000781200000, 0x00000007866a0000, 0x00000007d5b60000)
  object space 86656K, 2% used [0x0000000781200000,0x00000007813c73b8,0x00000007866a0000)
 PSPermGen       total 21248K, used 9663K [0x000000077c000000, 0x000000077d4c0000, 0x0000000781200000)
  object space 21248K, 45% used [0x000000077c000000,0x000000077c96fd58,0x000000077d4c0000)
Event: 104.621 GC heap after
Heap after GC invocations=25 (full 0):
 PSYoungGen      total 20992K, used 96K [0x00000007d5b60000, 0x00000007d7280000, 0x0000000800000000)
  eden space 20864K, 0% used [0x00000007d5b60000,0x00000007d5b60000,0x00000007d6fc0000)
  from space 128K, 75% used [0x00000007d7020000,0x00000007d7038000,0x00000007d7040000)
  to   space 1408K, 0% used [0x00000007d7120000,0x00000007d7120000,0x00000007d7280000)
 ParOldGen       total 86656K, used 1836K [0x0000000781200000, 0x00000007866a0000, 0x00000007d5b60000)
  object space 86656K, 2% used [0x0000000781200000,0x00000007813cb3b8,0x00000007866a0000)
 PSPermGen       total 21248K, used 9663K [0x000000077c000000, 0x000000077d4c0000, 0x0000000781200000)
  object space 21248K, 45% used [0x000000077c000000,0x000000077c96fd58,0x000000077d4c0000)
}
Event: 105.757 GC heap before
{Heap before GC invocations=26 (full 0):
 PSYoungGen      total 20992K, used 20960K [0x00000007d5b60000, 0x00000007d7280000, 0x0000000800000000)
  eden space 20864K, 100% used [0x00000007d5b60000,0x00000007d6fc0000,0x00000007d6fc0000)
  from space 128K, 75% used [0x00000007d7020000,0x00000007d7038000,0x00000007d7040000)
  to   space 1408K, 0% used [0x00000007d7120000,0x00000007d7120000,0x00000007d7280000)
 ParOldGen       total 86656K, used 1836K [0x0000000781200000, 0x00000007866a0000, 0x00000007d5b60000)
  object space 86656K, 2% used [0x0000000781200000,0x00000007813cb3b8,0x00000007866a0000)
 PSPermGen       total 21248K, used 9663K [0x000000077c000000, 0x000000077d4c0000, 0x0000000781200000)
  object space 21248K, 45% used [0x000000077c000000,0x000000077c96fd58,0x000000077d4c0000)
Event: 105.757 GC heap after
Heap after GC invocations=26 (full 0):
 PSYoungGen      total 21376K, used 96K [0x00000007d5b60000, 0x00000007d7200000, 0x0000000800000000)
  eden space 20480K, 0% used [0x00000007d5b60000,0x00000007d5b60000,0x00000007d6f60000)
  from space 896K, 10% used [0x00000007d7120000,0x00000007d7138000,0x00000007d7200000)
  to   space 1344K, 0% used [0x00000007d6f60000,0x00000007d6f60000,0x00000007d70b0000)
 ParOldGen       total 86656K, used 1860K [0x0000000781200000, 0x00000007866a0000, 0x00000007d5b60000)
  object space 86656K, 2% used [0x0000000781200000,0x00000007813d13b8,0x00000007866a0000)
 PSPermGen       total 21248K, used 9663K [0x000000077c000000, 0x000000077d4c0000, 0x0000000781200000)
  object space 21248K, 45% used [0x000000077c000000,0x000000077c96fd58,0x000000077d4c0000)
}

