# JRE version: 7.0_25-b17
# Java VM: Java HotSpot(TM) 64-Bit Server VM (23.25-b01 mixed mode windows-amd64 compressed oops)
Heap
 PSYoungGen      total 29760K, used 5028K [0x00000007d5b60000, 0x00000007d7bb0000, 0x0000000800000000)
  eden space 28224K, 17% used [0x00000007d5b60000,0x00000007d60313e0,0x00000007d76f0000)
  from space 1536K, 6% used [0x00000007d7a30000,0x00000007d7a48000,0x00000007d7bb0000)
  to   space 2432K, 0% used [0x00000007d76f0000,0x00000007d76f0000,0x00000007d7950000)
 ParOldGen       total 86656K, used 1536K [0x0000000781200000, 0x00000007866a0000, 0x00000007d5b60000)
  object space 86656K, 1% used [0x0000000781200000,0x0000000781380090,0x00000007866a0000)
 PSPermGen       total 21248K, used 9588K [0x000000077c000000, 0x000000077d4c0000, 0x0000000781200000)
  object space 21248K, 45% used [0x000000077c000000,0x000000077c95d120,0x000000077d4c0000)
GC Heap History (10 events):
Event: 31.876 GC heap before
{Heap before GC invocations=6 (full 0):
 PSYoungGen      total 33280K, used 33264K [0x00000007d5b60000, 0x00000007d8070000, 0x0000000800000000)
  eden space 31744K, 100% used [0x00000007d5b60000,0x00000007d7a60000,0x00000007d7a60000)
  from space 1536K, 98% used [0x00000007d7b20000,0x00000007d7c9c010,0x00000007d7ca0000)
  to   space 1920K, 0% used [0x00000007d7e90000,0x00000007d7e90000,0x00000007d8070000)
 ParOldGen       total 86656K, used 24K [0x0000000781200000, 0x00000007866a0000, 0x00000007d5b60000)
  object space 86656K, 0% used [0x0000000781200000,0x0000000781206000,0x00000007866a0000)
 PSPermGen       total 21248K, used 9537K [0x000000077c000000, 0x000000077d4c0000, 0x0000000781200000)
  object space 21248K, 44% used [0x000000077c000000,0x000000077c950670,0x000000077d4c0000)
Event: 31.877 GC heap after
Heap after GC invocations=6 (full 0):
 PSYoungGen      total 32512K, used 1488K [0x00000007d5b60000, 0x00000007d8010000, 0x0000000800000000)
  eden space 30976K, 0% used [0x00000007d5b60000,0x00000007d5b60000,0x00000007d79a0000)
  from space 1536K, 96% used [0x00000007d7e90000,0x00000007d8004010,0x00000007d8010000)
  to   space 1920K, 0% used [0x00000007d7c50000,0x00000007d7c50000,0x00000007d7e30000)
 ParOldGen       total 86656K, used 24K [0x0000000781200000, 0x00000007866a0000, 0x00000007d5b60000)
  object space 86656K, 0% used [0x0000000781200000,0x0000000781206000,0x00000007866a0000)
 PSPermGen       total 21248K, used 9537K [0x000000077c000000, 0x000000077d4c0000, 0x0000000781200000)
  object space 21248K, 44% used [0x000000077c000000,0x000000077c950670,0x000000077d4c0000)
}
Event: 36.051 GC heap before
{Heap before GC invocations=7 (full 0):
 PSYoungGen      total 32512K, used 32464K [0x00000007d5b60000, 0x00000007d8010000, 0x0000000800000000)
  eden space 30976K, 100% used [0x00000007d5b60000,0x00000007d79a0000,0x00000007d79a0000)
  from space 1536K, 96% used [0x00000007d7e90000,0x00000007d8004010,0x00000007d8010000)
  to   space 1920K, 0% used [0x00000007d7c50000,0x00000007d7c50000,0x00000007d7e30000)
 ParOldGen       total 86656K, used 24K [0x0000000781200000, 0x00000007866a0000, 0x00000007d5b60000)
  object space 86656K, 0% used [0x0000000781200000,0x0000000781206000,0x00000007866a0000)
 PSPermGen       total 21248K, used 9553K [0x000000077c000000, 0x000000077d4c0000, 0x0000000781200000)
  object space 21248K, 44% used [0x000000077c000000,0x000000077c9544b8,0x000000077d4c0000)
Event: 36.053 GC heap after
Heap after GC invocations=7 (full 0):
 PSYoungGen      total 30400K, used 128K [0x00000007d5b60000, 0x00000007d7ea0000, 0x0000000800000000)
  eden space 30272K, 0% used [0x00000007d5b60000,0x00000007d5b60000,0x00000007d78f0000)
  from space 128K, 100% used [0x00000007d7c50000,0x00000007d7c70000,0x00000007d7c70000)
  to   space 2176K, 0% used [0x00000007d7c80000,0x00000007d7c80000,0x00000007d7ea0000)
 ParOldGen       total 86656K, used 1464K [0x0000000781200000, 0x00000007866a0000, 0x00000007d5b60000)
  object space 86656K, 1% used [0x0000000781200000,0x000000078136e090,0x00000007866a0000)
 PSPermGen       total 21248K, used 9553K [0x000000077c000000, 0x000000077d4c0000, 0x0000000781200000)
  object space 21248K, 44% used [0x000000077c000000,0x000000077c9544b8,0x000000077d4c0000)
}
Event: 40.163 GC heap before
{Heap before GC invocations=8 (full 0):
 PSYoungGen      total 30400K, used 30400K [0x00000007d5b60000, 0x00000007d7ea0000, 0x0000000800000000)
  eden space 30272K, 100% used [0x00000007d5b60000,0x00000007d78f0000,0x00000007d78f0000)
  from space 128K, 100% used [0x00000007d7c50000,0x00000007d7c70000,0x00000007d7c70000)
  to   space 2176K, 0% used [0x00000007d7c80000,0x00000007d7c80000,0x00000007d7ea0000)
 ParOldGen       total 86656K, used 1464K [0x0000000781200000, 0x00000007866a0000, 0x00000007d5b60000)
  object space 86656K, 1% used [0x0000000781200000,0x000000078136e090,0x00000007866a0000)
 PSPermGen       total 21248K, used 9555K [0x000000077c000000, 0x000000077d4c0000, 0x0000000781200000)
  object space 21248K, 44% used [0x000000077c000000,0x000000077c954e58,0x000000077d4c0000)
Event: 40.163 GC heap after
Heap after GC invocations=8 (full 0):
 PSYoungGen      total 29824K, used 128K [0x00000007d5b60000, 0x00000007d7cc0000, 0x0000000800000000)
  eden space 29568K, 0% used [0x00000007d5b60000,0x00000007d5b60000,0x00000007d7840000)
  from space 256K, 50% used [0x00000007d7c80000,0x00000007d7ca0000,0x00000007d7cc0000)
  to   space 2304K, 0% used [0x00000007d7840000,0x00000007d7840000,0x00000007d7a80000)
 ParOldGen       total 86656K, used 1496K [0x0000000781200000, 0x00000007866a0000, 0x00000007d5b60000)
  object space 86656K, 1% used [0x0000000781200000,0x0000000781376090,0x00000007866a0000)
 PSPermGen       total 21248K, used 9555K [0x000000077c000000, 0x000000077d4c0000, 0x0000000781200000)
  object space 21248K, 44% used [0x000000077c000000,0x000000077c954e58,0x000000077d4c0000)
}
Event: 44.211 GC heap before
{Heap before GC invocations=9 (full 0):
 PSYoungGen      total 29824K, used 29696K [0x00000007d5b60000, 0x00000007d7cc0000, 0x0000000800000000)
  eden space 29568K, 100% used [0x00000007d5b60000,0x00000007d7840000,0x00000007d7840000)
  from space 256K, 50% used [0x00000007d7c80000,0x00000007d7ca0000,0x00000007d7cc0000)
  to   space 2304K, 0% used [0x00000007d7840000,0x00000007d7840000,0x00000007d7a80000)
 ParOldGen       total 86656K, used 1496K [0x0000000781200000, 0x00000007866a0000, 0x00000007d5b60000)
  object space 86656K, 1% used [0x0000000781200000,0x0000000781376090,0x00000007866a0000)
 PSPermGen       total 21248K, used 9582K [0x000000077c000000, 0x000000077d4c0000, 0x0000000781200000)
  object space 21248K, 45% used [0x000000077c000000,0x000000077c95bb08,0x000000077d4c0000)
Event: 44.212 GC heap after
Heap after GC invocations=9 (full 0):
 PSYoungGen      total 28992K, used 96K [0x00000007d5b60000, 0x00000007d7c90000, 0x0000000800000000)
  eden space 28864K, 0% used [0x00000007d5b60000,0x00000007d5b60000,0x00000007d7790000)
  from space 128K, 75% used [0x00000007d7840000,0x00000007d7858000,0x00000007d7860000)
  to   space 2432K, 0% used [0x00000007d7a30000,0x00000007d7a30000,0x00000007d7c90000)
 ParOldGen       total 86656K, used 1520K [0x0000000781200000, 0x00000007866a0000, 0x00000007d5b60000)
  object space 86656K, 1% used [0x0000000781200000,0x000000078137c090,0x00000007866a0000)
 PSPermGen       total 21248K, used 9582K [0x000000077c000000, 0x000000077d4c0000, 0x0000000781200000)
  object space 21248K, 45% used [0x000000077c000000,0x000000077c95bb08,0x000000077d4c0000)
}
Event: 48.164 GC heap before
{Heap before GC invocations=10 (full 0):
 PSYoungGen      total 28992K, used 28960K [0x00000007d5b60000, 0x00000007d7c90000, 0x0000000800000000)
  eden space 28864K, 100% used [0x00000007d5b60000,0x00000007d7790000,0x00000007d7790000)
  from space 128K, 75% used [0x00000007d7840000,0x00000007d7858000,0x00000007d7860000)
  to   space 2432K, 0% used [0x00000007d7a30000,0x00000007d7a30000,0x00000007d7c90000)
 ParOldGen       total 86656K, used 1520K [0x0000000781200000, 0x00000007866a0000, 0x00000007d5b60000)
  object space 86656K, 1% used [0x0000000781200000,0x000000078137c090,0x00000007866a0000)
 PSPermGen       total 21248K, used 9582K [0x000000077c000000, 0x000000077d4c0000, 0x0000000781200000)
  object space 21248K, 45% used [0x000000077c000000,0x000000077c95bbb0,0x000000077d4c0000)
Event: 48.164 GC heap after
Heap after GC invocations=10 (full 0):
 PSYoungGen      total 29760K, used 96K [0x00000007d5b60000, 0x00000007d7bb0000, 0x0000000800000000)
  eden space 28224K, 0% used [0x00000007d5b60000,0x00000007d5b60000,0x00000007d76f0000)
  from space 1536K, 6% used [0x00000007d7a30000,0x00000007d7a48000,0x00000007d7bb0000)
  to   space 2432K, 0% used [0x00000007d76f0000,0x00000007d76f0000,0x00000007d7950000)
 ParOldGen       total 86656K, used 1536K [0x0000000781200000, 0x00000007866a0000, 0x00000007d5b60000)
  object space 86656K, 1% used [0x0000000781200000,0x0000000781380090,0x00000007866a0000)
 PSPermGen       total 21248K, used 9582K [0x000000077c000000, 0x000000077d4c0000, 0x0000000781200000)
  object space 21248K, 45% used [0x000000077c000000,0x000000077c95bbb0,0x000000077d4c0000)
}

