# JRE version: 7.0_25-b17
# Java VM: Java HotSpot(TM) 64-Bit Server VM (23.25-b01 mixed mode windows-amd64 compressed oops)
Heap
 PSYoungGen      total 29696K, used 4706K [0x00000007d5b60000, 0x00000007d7e60000, 0x0000000800000000)
  eden space 24832K, 18% used [0x00000007d5b60000,0x00000007d5fe0ab8,0x00000007d73a0000)
  from space 4864K, 1% used [0x00000007d79a0000,0x00000007d79b8000,0x00000007d7e60000)
  to   space 5504K, 0% used [0x00000007d73a0000,0x00000007d73a0000,0x00000007d7900000)
 ParOldGen       total 86656K, used 4115K [0x0000000781200000, 0x00000007866a0000, 0x00000007d5b60000)
  object space 86656K, 4% used [0x0000000781200000,0x0000000781604fc0,0x00000007866a0000)
 PSPermGen       total 21248K, used 14836K [0x000000077c000000, 0x000000077d4c0000, 0x0000000781200000)
  object space 21248K, 69% used [0x000000077c000000,0x000000077ce7d130,0x000000077d4c0000)
GC Heap History (10 events):
Event: 81.825 GC heap before
{Heap before GC invocations=12 (full 0):
 PSYoungGen      total 27712K, used 27680K [0x00000007d5b60000, 0x00000007d8210000, 0x0000000800000000)
  eden space 27584K, 100% used [0x00000007d5b60000,0x00000007d7650000,0x00000007d7650000)
  from space 128K, 75% used [0x00000007d76f0000,0x00000007d7708000,0x00000007d7710000)
  to   space 6016K, 0% used [0x00000007d7c30000,0x00000007d7c30000,0x00000007d8210000)
 ParOldGen       total 86656K, used 4051K [0x0000000781200000, 0x00000007866a0000, 0x00000007d5b60000)
  object space 86656K, 4% used [0x0000000781200000,0x00000007815f4fc0,0x00000007866a0000)
 PSPermGen       total 21248K, used 14827K [0x000000077c000000, 0x000000077d4c0000, 0x0000000781200000)
  object space 21248K, 69% used [0x000000077c000000,0x000000077ce7af08,0x000000077d4c0000)
Event: 81.825 GC heap after
Heap after GC invocations=12 (full 0):
 PSYoungGen      total 32448K, used 96K [0x00000007d5b60000, 0x00000007d8180000, 0x0000000800000000)
  eden space 27008K, 0% used [0x00000007d5b60000,0x00000007d5b60000,0x00000007d75c0000)
  from space 5440K, 1% used [0x00000007d7c30000,0x00000007d7c48000,0x00000007d8180000)
  to   space 6016K, 0% used [0x00000007d75c0000,0x00000007d75c0000,0x00000007d7ba0000)
 ParOldGen       total 86656K, used 4059K [0x0000000781200000, 0x00000007866a0000, 0x00000007d5b60000)
  object space 86656K, 4% used [0x0000000781200000,0x00000007815f6fc0,0x00000007866a0000)
 PSPermGen       total 21248K, used 14827K [0x000000077c000000, 0x000000077d4c0000, 0x0000000781200000)
  object space 21248K, 69% used [0x000000077c000000,0x000000077ce7af08,0x000000077d4c0000)
}
Event: 87.249 GC heap before
{Heap before GC invocations=13 (full 0):
 PSYoungGen      total 32448K, used 27104K [0x00000007d5b60000, 0x00000007d8180000, 0x0000000800000000)
  eden space 27008K, 100% used [0x00000007d5b60000,0x00000007d75c0000,0x00000007d75c0000)
  from space 5440K, 1% used [0x00000007d7c30000,0x00000007d7c48000,0x00000007d8180000)
  to   space 6016K, 0% used [0x00000007d75c0000,0x00000007d75c0000,0x00000007d7ba0000)
 ParOldGen       total 86656K, used 4059K [0x0000000781200000, 0x00000007866a0000, 0x00000007d5b60000)
  object space 86656K, 4% used [0x0000000781200000,0x00000007815f6fc0,0x00000007866a0000)
 PSPermGen       total 21248K, used 14827K [0x000000077c000000, 0x000000077d4c0000, 0x0000000781200000)
  object space 21248K, 69% used [0x000000077c000000,0x000000077ce7af08,0x000000077d4c0000)
Event: 87.249 GC heap after
Heap after GC invocations=13 (full 0):
 PSYoungGen      total 26560K, used 96K [0x00000007d5b60000, 0x00000007d80d0000, 0x0000000800000000)
  eden space 26432K, 0% used [0x00000007d5b60000,0x00000007d5b60000,0x00000007d7530000)
  from space 128K, 75% used [0x00000007d75c0000,0x00000007d75d8000,0x00000007d75e0000)
  to   space 5952K, 0% used [0x00000007d7b00000,0x00000007d7b00000,0x00000007d80d0000)
 ParOldGen       total 86656K, used 4067K [0x0000000781200000, 0x00000007866a0000, 0x00000007d5b60000)
  object space 86656K, 4% used [0x0000000781200000,0x00000007815f8fc0,0x00000007866a0000)
 PSPermGen       total 21248K, used 14827K [0x000000077c000000, 0x000000077d4c0000, 0x0000000781200000)
  object space 21248K, 69% used [0x000000077c000000,0x000000077ce7af08,0x000000077d4c0000)
}
Event: 92.544 GC heap before
{Heap before GC invocations=14 (full 0):
 PSYoungGen      total 26560K, used 26528K [0x00000007d5b60000, 0x00000007d80d0000, 0x0000000800000000)
  eden space 26432K, 100% used [0x00000007d5b60000,0x00000007d7530000,0x00000007d7530000)
  from space 128K, 75% used [0x00000007d75c0000,0x00000007d75d8000,0x00000007d75e0000)
  to   space 5952K, 0% used [0x00000007d7b00000,0x00000007d7b00000,0x00000007d80d0000)
 ParOldGen       total 86656K, used 4067K [0x0000000781200000, 0x00000007866a0000, 0x00000007d5b60000)
  object space 86656K, 4% used [0x0000000781200000,0x00000007815f8fc0,0x00000007866a0000)
 PSPermGen       total 21248K, used 14829K [0x000000077c000000, 0x000000077d4c0000, 0x0000000781200000)
  object space 21248K, 69% used [0x000000077c000000,0x000000077ce7b690,0x000000077d4c0000)
Event: 92.545 GC heap after
Heap after GC invocations=14 (full 0):
 PSYoungGen      total 30976K, used 128K [0x00000007d5b60000, 0x00000007d8000000, 0x0000000800000000)
  eden space 25856K, 0% used [0x00000007d5b60000,0x00000007d5b60000,0x00000007d74a0000)
  from space 5120K, 2% used [0x00000007d7b00000,0x00000007d7b20000,0x00000007d8000000)
  to   space 5824K, 0% used [0x00000007d74a0000,0x00000007d74a0000,0x00000007d7a50000)
 ParOldGen       total 86656K, used 4067K [0x0000000781200000, 0x00000007866a0000, 0x00000007d5b60000)
  object space 86656K, 4% used [0x0000000781200000,0x00000007815f8fc0,0x00000007866a0000)
 PSPermGen       total 21248K, used 14829K [0x000000077c000000, 0x000000077d4c0000, 0x0000000781200000)
  object space 21248K, 69% used [0x000000077c000000,0x000000077ce7b690,0x000000077d4c0000)
}
Event: 97.760 GC heap before
{Heap before GC invocations=15 (full 0):
 PSYoungGen      total 30976K, used 25984K [0x00000007d5b60000, 0x00000007d8000000, 0x0000000800000000)
  eden space 25856K, 100% used [0x00000007d5b60000,0x00000007d74a0000,0x00000007d74a0000)
  from space 5120K, 2% used [0x00000007d7b00000,0x00000007d7b20000,0x00000007d8000000)
  to   space 5824K, 0% used [0x00000007d74a0000,0x00000007d74a0000,0x00000007d7a50000)
 ParOldGen       total 86656K, used 4067K [0x0000000781200000, 0x00000007866a0000, 0x00000007d5b60000)
  object space 86656K, 4% used [0x0000000781200000,0x00000007815f8fc0,0x00000007866a0000)
 PSPermGen       total 21248K, used 14829K [0x000000077c000000, 0x000000077d4c0000, 0x0000000781200000)
  object space 21248K, 69% used [0x000000077c000000,0x000000077ce7b690,0x000000077d4c0000)
Event: 97.761 GC heap after
Heap after GC invocations=15 (full 0):
 PSYoungGen      total 25472K, used 96K [0x00000007d5b60000, 0x00000007d7f20000, 0x0000000800000000)
  eden space 25344K, 0% used [0x00000007d5b60000,0x00000007d5b60000,0x00000007d7420000)
  from space 128K, 75% used [0x00000007d74a0000,0x00000007d74b8000,0x00000007d74c0000)
  to   space 5632K, 0% used [0x00000007d79a0000,0x00000007d79a0000,0x00000007d7f20000)
 ParOldGen       total 86656K, used 4091K [0x0000000781200000, 0x00000007866a0000, 0x00000007d5b60000)
  object space 86656K, 4% used [0x0000000781200000,0x00000007815fefc0,0x00000007866a0000)
 PSPermGen       total 21248K, used 14829K [0x000000077c000000, 0x000000077d4c0000, 0x0000000781200000)
  object space 21248K, 69% used [0x000000077c000000,0x000000077ce7b690,0x000000077d4c0000)
}
Event: 102.817 GC heap before
{Heap before GC invocations=16 (full 0):
 PSYoungGen      total 25472K, used 25440K [0x00000007d5b60000, 0x00000007d7f20000, 0x0000000800000000)
  eden space 25344K, 100% used [0x00000007d5b60000,0x00000007d7420000,0x00000007d7420000)
  from space 128K, 75% used [0x00000007d74a0000,0x00000007d74b8000,0x00000007d74c0000)
  to   space 5632K, 0% used [0x00000007d79a0000,0x00000007d79a0000,0x00000007d7f20000)
 ParOldGen       total 86656K, used 4091K [0x0000000781200000, 0x00000007866a0000, 0x00000007d5b60000)
  object space 86656K, 4% used [0x0000000781200000,0x00000007815fefc0,0x00000007866a0000)
 PSPermGen       total 21248K, used 14829K [0x000000077c000000, 0x000000077d4c0000, 0x0000000781200000)
  object space 21248K, 69% used [0x000000077c000000,0x000000077ce7b6b0,0x000000077d4c0000)
Event: 102.817 GC heap after
Heap after GC invocations=16 (full 0):
 PSYoungGen      total 29696K, used 96K [0x00000007d5b60000, 0x00000007d7e60000, 0x0000000800000000)
  eden space 24832K, 0% used [0x00000007d5b60000,0x00000007d5b60000,0x00000007d73a0000)
  from space 4864K, 1% used [0x00000007d79a0000,0x00000007d79b8000,0x00000007d7e60000)
  to   space 5504K, 0% used [0x00000007d73a0000,0x00000007d73a0000,0x00000007d7900000)
 ParOldGen       total 86656K, used 4115K [0x0000000781200000, 0x00000007866a0000, 0x00000007d5b60000)
  object space 86656K, 4% used [0x0000000781200000,0x0000000781604fc0,0x00000007866a0000)
 PSPermGen       total 21248K, used 14829K [0x000000077c000000, 0x000000077d4c0000, 0x0000000781200000)
  object space 21248K, 69% used [0x000000077c000000,0x000000077ce7b6b0,0x000000077d4c0000)
}

