# JRE version: 7.0_25-b17
# Java VM: Java HotSpot(TM) 64-Bit Server VM (23.25-b01 mixed mode windows-amd64 compressed oops)
Heap
 PSYoungGen      total 7232K, used 3396K [0x00000007d5b60000, 0x00000007d62b0000, 0x0000000800000000)
  eden space 7104K, 46% used [0x00000007d5b60000,0x00000007d5e911b0,0x00000007d6250000)
  from space 128K, 100% used [0x00000007d6250000,0x00000007d6270000,0x00000007d6270000)
  to   space 192K, 0% used [0x00000007d6280000,0x00000007d6280000,0x00000007d62b0000)
 ParOldGen       total 86656K, used 19267K [0x0000000781200000, 0x00000007866a0000, 0x00000007d5b60000)
  object space 86656K, 22% used [0x0000000781200000,0x00000007824d0cb8,0x00000007866a0000)
 PSPermGen       total 21248K, used 15000K [0x000000077c000000, 0x000000077d4c0000, 0x0000000781200000)
  object space 21248K, 70% used [0x000000077c000000,0x000000077cea62a8,0x000000077d4c0000)
GC Heap History (10 events):
Event: 154.129 GC heap before
{Heap before GC invocations=211 (full 0):
 PSYoungGen      total 7232K, used 7200K [0x00000007d5b60000, 0x00000007d6290000, 0x0000000800000000)
  eden space 7104K, 100% used [0x00000007d5b60000,0x00000007d6250000,0x00000007d6250000)
  from space 128K, 75% used [0x00000007d6270000,0x00000007d6288000,0x00000007d6290000)
  to   space 128K, 0% used [0x00000007d6250000,0x00000007d6250000,0x00000007d6270000)
 ParOldGen       total 86656K, used 19139K [0x0000000781200000, 0x00000007866a0000, 0x00000007d5b60000)
  object space 86656K, 22% used [0x0000000781200000,0x00000007824b0cb8,0x00000007866a0000)
 PSPermGen       total 21248K, used 14985K [0x000000077c000000, 0x000000077d4c0000, 0x0000000781200000)
  object space 21248K, 70% used [0x000000077c000000,0x000000077cea25e0,0x000000077d4c0000)
Event: 154.129 GC heap after
Heap after GC invocations=211 (full 0):
 PSYoungGen      total 7232K, used 96K [0x00000007d5b60000, 0x00000007d6290000, 0x0000000800000000)
  eden space 7104K, 0% used [0x00000007d5b60000,0x00000007d5b60000,0x00000007d6250000)
  from space 128K, 75% used [0x00000007d6250000,0x00000007d6268000,0x00000007d6270000)
  to   space 128K, 0% used [0x00000007d6270000,0x00000007d6270000,0x00000007d6290000)
 ParOldGen       total 86656K, used 19155K [0x0000000781200000, 0x00000007866a0000, 0x00000007d5b60000)
  object space 86656K, 22% used [0x0000000781200000,0x00000007824b4cb8,0x00000007866a0000)
 PSPermGen       total 21248K, used 14985K [0x000000077c000000, 0x000000077d4c0000, 0x0000000781200000)
  object space 21248K, 70% used [0x000000077c000000,0x000000077cea25e0,0x000000077d4c0000)
}
Event: 154.609 GC heap before
{Heap before GC invocations=212 (full 0):
 PSYoungGen      total 7232K, used 7200K [0x00000007d5b60000, 0x00000007d6290000, 0x0000000800000000)
  eden space 7104K, 100% used [0x00000007d5b60000,0x00000007d6250000,0x00000007d6250000)
  from space 128K, 75% used [0x00000007d6250000,0x00000007d6268000,0x00000007d6270000)
  to   space 128K, 0% used [0x00000007d6270000,0x00000007d6270000,0x00000007d6290000)
 ParOldGen       total 86656K, used 19155K [0x0000000781200000, 0x00000007866a0000, 0x00000007d5b60000)
  object space 86656K, 22% used [0x0000000781200000,0x00000007824b4cb8,0x00000007866a0000)
 PSPermGen       total 21248K, used 14985K [0x000000077c000000, 0x000000077d4c0000, 0x0000000781200000)
  object space 21248K, 70% used [0x000000077c000000,0x000000077cea26f0,0x000000077d4c0000)
Event: 154.610 GC heap after
Heap after GC invocations=212 (full 0):
 PSYoungGen      total 7232K, used 96K [0x00000007d5b60000, 0x00000007d6290000, 0x0000000800000000)
  eden space 7104K, 0% used [0x00000007d5b60000,0x00000007d5b60000,0x00000007d6250000)
  from space 128K, 75% used [0x00000007d6270000,0x00000007d6288000,0x00000007d6290000)
  to   space 128K, 0% used [0x00000007d6250000,0x00000007d6250000,0x00000007d6270000)
 ParOldGen       total 86656K, used 19179K [0x0000000781200000, 0x00000007866a0000, 0x00000007d5b60000)
  object space 86656K, 22% used [0x0000000781200000,0x00000007824bacb8,0x00000007866a0000)
 PSPermGen       total 21248K, used 14985K [0x000000077c000000, 0x000000077d4c0000, 0x0000000781200000)
  object space 21248K, 70% used [0x000000077c000000,0x000000077cea26f0,0x000000077d4c0000)
}
Event: 155.105 GC heap before
{Heap before GC invocations=213 (full 0):
 PSYoungGen      total 7232K, used 7200K [0x00000007d5b60000, 0x00000007d6290000, 0x0000000800000000)
  eden space 7104K, 100% used [0x00000007d5b60000,0x00000007d6250000,0x00000007d6250000)
  from space 128K, 75% used [0x00000007d6270000,0x00000007d6288000,0x00000007d6290000)
  to   space 128K, 0% used [0x00000007d6250000,0x00000007d6250000,0x00000007d6270000)
 ParOldGen       total 86656K, used 19179K [0x0000000781200000, 0x00000007866a0000, 0x00000007d5b60000)
  object space 86656K, 22% used [0x0000000781200000,0x00000007824bacb8,0x00000007866a0000)
 PSPermGen       total 21248K, used 14985K [0x000000077c000000, 0x000000077d4c0000, 0x0000000781200000)
  object space 21248K, 70% used [0x000000077c000000,0x000000077cea26f0,0x000000077d4c0000)
Event: 155.106 GC heap after
Heap after GC invocations=213 (full 0):
 PSYoungGen      total 7232K, used 128K [0x00000007d5b60000, 0x00000007d6290000, 0x0000000800000000)
  eden space 7104K, 0% used [0x00000007d5b60000,0x00000007d5b60000,0x00000007d6250000)
  from space 128K, 100% used [0x00000007d6250000,0x00000007d6270000,0x00000007d6270000)
  to   space 128K, 0% used [0x00000007d6270000,0x00000007d6270000,0x00000007d6290000)
 ParOldGen       total 86656K, used 19211K [0x0000000781200000, 0x00000007866a0000, 0x00000007d5b60000)
  object space 86656K, 22% used [0x0000000781200000,0x00000007824c2cb8,0x00000007866a0000)
 PSPermGen       total 21248K, used 14985K [0x000000077c000000, 0x000000077d4c0000, 0x0000000781200000)
  object space 21248K, 70% used [0x000000077c000000,0x000000077cea26f0,0x000000077d4c0000)
}
Event: 155.553 GC heap before
{Heap before GC invocations=214 (full 0):
 PSYoungGen      total 7232K, used 7232K [0x00000007d5b60000, 0x00000007d6290000, 0x0000000800000000)
  eden space 7104K, 100% used [0x00000007d5b60000,0x00000007d6250000,0x00000007d6250000)
  from space 128K, 100% used [0x00000007d6250000,0x00000007d6270000,0x00000007d6270000)
  to   space 128K, 0% used [0x00000007d6270000,0x00000007d6270000,0x00000007d6290000)
 ParOldGen       total 86656K, used 19211K [0x0000000781200000, 0x00000007866a0000, 0x00000007d5b60000)
  object space 86656K, 22% used [0x0000000781200000,0x00000007824c2cb8,0x00000007866a0000)
 PSPermGen       total 21248K, used 14985K [0x000000077c000000, 0x000000077d4c0000, 0x0000000781200000)
  object space 21248K, 70% used [0x000000077c000000,0x000000077cea26f0,0x000000077d4c0000)
Event: 155.554 GC heap after
Heap after GC invocations=214 (full 0):
 PSYoungGen      total 7232K, used 96K [0x00000007d5b60000, 0x00000007d6290000, 0x0000000800000000)
  eden space 7104K, 0% used [0x00000007d5b60000,0x00000007d5b60000,0x00000007d6250000)
  from space 128K, 75% used [0x00000007d6270000,0x00000007d6288000,0x00000007d6290000)
  to   space 128K, 0% used [0x00000007d6250000,0x00000007d6250000,0x00000007d6270000)
 ParOldGen       total 86656K, used 19235K [0x0000000781200000, 0x00000007866a0000, 0x00000007d5b60000)
  object space 86656K, 22% used [0x0000000781200000,0x00000007824c8cb8,0x00000007866a0000)
 PSPermGen       total 21248K, used 14985K [0x000000077c000000, 0x000000077d4c0000, 0x0000000781200000)
  object space 21248K, 70% used [0x000000077c000000,0x000000077cea26f0,0x000000077d4c0000)
}
Event: 156.033 GC heap before
{Heap before GC invocations=215 (full 0):
 PSYoungGen      total 7232K, used 7200K [0x00000007d5b60000, 0x00000007d6290000, 0x0000000800000000)
  eden space 7104K, 100% used [0x00000007d5b60000,0x00000007d6250000,0x00000007d6250000)
  from space 128K, 75% used [0x00000007d6270000,0x00000007d6288000,0x00000007d6290000)
  to   space 128K, 0% used [0x00000007d6250000,0x00000007d6250000,0x00000007d6270000)
 ParOldGen       total 86656K, used 19235K [0x0000000781200000, 0x00000007866a0000, 0x00000007d5b60000)
  object space 86656K, 22% used [0x0000000781200000,0x00000007824c8cb8,0x00000007866a0000)
 PSPermGen       total 21248K, used 14985K [0x000000077c000000, 0x000000077d4c0000, 0x0000000781200000)
  object space 21248K, 70% used [0x000000077c000000,0x000000077cea2730,0x000000077d4c0000)
Event: 156.034 GC heap after
Heap after GC invocations=215 (full 0):
 PSYoungGen      total 7232K, used 128K [0x00000007d5b60000, 0x00000007d62b0000, 0x0000000800000000)
  eden space 7104K, 0% used [0x00000007d5b60000,0x00000007d5b60000,0x00000007d6250000)
  from space 128K, 100% used [0x00000007d6250000,0x00000007d6270000,0x00000007d6270000)
  to   space 192K, 0% used [0x00000007d6280000,0x00000007d6280000,0x00000007d62b0000)
 ParOldGen       total 86656K, used 19267K [0x0000000781200000, 0x00000007866a0000, 0x00000007d5b60000)
  object space 86656K, 22% used [0x0000000781200000,0x00000007824d0cb8,0x00000007866a0000)
 PSPermGen       total 21248K, used 14985K [0x000000077c000000, 0x000000077d4c0000, 0x0000000781200000)
  object space 21248K, 70% used [0x000000077c000000,0x000000077cea2730,0x000000077d4c0000)
}

